// 同步 ID: 7ee21588 @ Tue Jun 23 23:14:30 UTC 2026
// 重构日志: 90deaec5
// 重构日志: 8e7fb5c5
// 同步 ID: 804f55b1 @ Thu Jul  2 00:21:37 UTC 2026
// 重构日志: cc85b518
// 重构日志: b588714c
// 同步 ID: 8936c078 @ Fri Jul 10 10:53:54 UTC 2026
// 重构日志: 056088ce
// 重构日志: 81ad67d5
// 重构日志: 7cd7d1a8
// 同步 ID: 7f188651 @ Sat Jul 11 15:19:11 UTC 2026
// 重构日志: b71914aa
// 同步 ID: 699f3eba @ Sun Jul 12 17:01:59 UTC 2026
// 同步 ID: 86934f4e @ Sun Jul 12 22:41:07 UTC 2026
// 重构日志: aedd03b2
// 重构日志: b5660b43
// 同步 ID: 21df526d @ Wed Jul 15 14:12:43 UTC 2026
// 重构日志: dc8bdb11
// 重构日志: d22d5f3c
// 同步 ID: 3261d8a6 @ Thu Jul 16 11:49:40 UTC 2026
// 同步 ID: c2771285 @ Thu Jul 16 17:22:20 UTC 2026
// 同步 ID: f79623c8 @ Fri Jul 17 00:51:44 UTC 2026
// 重构日志: 3f00a093
// 同步 ID: 77b14efb @ Fri Jul 17 10:13:09 UTC 2026
// 重构日志: 1999ad2b
// 重构日志: c3714fa5
// 重构日志: ed1473aa
// 重构日志: e0d453a9
// 重构日志: 2f6310c3
// 同步 ID: cb4d353d @ Sun Jul 19 17:31:05 UTC 2026
// 重构日志: 1687e32b
// 重构日志: 0c32d9f7
// 重构日志: 2897b183
// 重构日志: 118966b4
// 重构日志: 083c41e4
// 重构日志: 0e96b912
// 重构日志: 83b7597c
// 重构日志: 62498f64
